modbustru connect
events.js:292
      throw er; // Unhandled 'error' event
      ^

Error: listen EADDRINUSE: address already in use :::3001
    at Server.setupListenHandle [as _listen2] (net.js:1318:16)
    at listenInCluster (net.js:1366:12)
    at Server.listen (net.js:1452:7)
    at Function.listen (/home/solar/raspberryPi_IPE/Modbus-IPE-master-v0.5/node_modules/express/lib/application.js:618:24)
    at file:///home/solar/raspberryPi_IPE/Modbus-IPE-master-v0.5/app.js:127:9
    at ModuleJob.run (internal/modules/esm/module_job.js:152:23)
    at async Loader.import (internal/modules/esm/loader.js:166:24)
    at async Object.loadESM (internal/process/esm_loader.js:68:5)
Emitted 'error' event on Server instance at:
    at emitErrorNT (net.js:1345:8)
    at processTicksAndRejections (internal/process/task_queues.js:80:21) {
  code: 'EADDRINUSE',
  errno: -98,
  syscall: 'listen',
  address: '::',
  port: 3001
}
